Base path: '/home/mario-whitmore/Unity/Hub/Editor/2019.3.15f1/Editor/Data', plugins path '/home/mario-whitmore/Unity/Hub/Editor/2019.3.15f1/Editor/Data/PlaybackEngines'
Cmd: initializeCompiler
Cmd: preprocess
  insize=71592 outsize=3597 ok=1
Cmd: preprocess
  insize=71435 outsize=3619 ok=1
Cmd: preprocess
  insize=29764 outsize=1925 ok=1
Cmd: preprocess
  insize=29534 outsize=1735 ok=1
Cmd: preprocess
  insize=34652 outsize=2002 ok=1
Cmd: preprocess
  insize=69227 outsize=3745 ok=1
Cmd: preprocess
  insize=30640 outsize=1970 ok=1
Cmd: preprocess
  insize=9747 outsize=820 ok=1
Cmd: preprocess
  insize=65289 outsize=3315 ok=1
Cmd: preprocess
  insize=12379 outsize=964 ok=1
Cmd: preprocess
  insize=11144 outsize=960 ok=1
Cmd: preprocess
  insize=76106 outsize=3911 ok=1
Cmd: preprocess
  insize=33782 outsize=1957 ok=1
Cmd: preprocess
  insize=67943 outsize=3697 ok=1
Cmd: preprocess
  insize=63063 outsize=3544 ok=1
Cmd: preprocess
  insize=30656 outsize=1788 ok=1
Cmd: compileSnippet
  api=18 type=0 insize=10518 outsize=1459 kw= pd=UNITY_ENABLE_REFLECTION_BUFFERS UNITY_USE_DITHER_MASK_FOR_ALPHABLENDED_SHADOWS UNITY_PBS_USE_BRDF1 UNITY_SPECCUBE_BOX_PROJECTION UNITY_SPECCUBE_BLENDING UNITY_ENABLE_DETAIL_NORMALMAP SHADER_API_DESKTOP UNITY_COLORSPACE_GAMMA UNITY_LIGHT_PROBE_PROXY_VOLUME UNITY_LIGHTMAP_FULL_HDR ok=1
Cmd: compileSnippet
  api=18 type=1 insize=10518 outsize=0 kw= pd=UNITY_ENABLE_REFLECTION_BUFFERS UNITY_USE_DITHER_MASK_FOR_ALPHABLENDED_SHADOWS UNITY_PBS_USE_BRDF1 UNITY_SPECCUBE_BOX_PROJECTION UNITY_SPECCUBE_BLENDING UNITY_ENABLE_DETAIL_NORMALMAP SHADER_API_DESKTOP UNITY_COLORSPACE_GAMMA UNITY_LIGHT_PROBE_PROXY_VOLUME UNITY_LIGHTMAP_FULL_HDR ok=1
